2024-08-06 14:12:10,428 - INFO - 372380875963234 - has started post_photo function...
2024-08-06 14:12:10,433 - DEBUG - Starting new HTTPS connection (1): graph.facebook.com:443
2024-08-06 14:12:18,592 - DEBUG - https://graph.facebook.com:443 "POST /v20.0/372380875963234/photos?access_token=EAAHWy8LCVD4BO5O591F80tCsgqWrTBx624lYfDuZCJyF45CYuns2MVYG53qXAbsmMm5AnVSTVzCYGQ3h5moOuxQs6bOBzgcDOxykrrOfAoVuM5hwjOqPvVP5yFpWDGB3MA3PluQjszUxGR5XWoe6GRUFVkAFKudj860hMRuTBMOacFV5s3JRYNnzD7fh9GYpIkTy0 HTTP/11" 200 74
2024-08-06 14:12:18,593 - DEBUG - 372380875963234 - {'id': '122096208452466849', 'post_id': '372380875963234_122096208470466849'}
2024-08-06 14:12:18,593 - INFO - 372380875963234 - ended post_photo function...
2024-08-06 14:14:24,494 - INFO - 372380875963234 - has started delete_post functon...
2024-08-06 14:14:29,332 - DEBUG - Starting new HTTPS connection (1): graph.facebook.com:443
2024-08-06 14:14:29,815 - DEBUG - https://graph.facebook.com:443 "DELETE /v20.0/372380875963234122096208470466849?access_token=EAAHWy8LCVD4BO5O591F80tCsgqWrTBx624lYfDuZCJyF45CYuns2MVYG53qXAbsmMm5AnVSTVzCYGQ3h5moOuxQs6bOBzgcDOxykrrOfAoVuM5hwjOqPvVP5yFpWDGB3MA3PluQjszUxGR5XWoe6GRUFVkAFKudj860hMRuTBMOacFV5s3JRYNnzD7fh9GYpIkTy0 HTTP/11" 400 310
2024-08-06 14:14:29,824 - ERROR - 372380875963234 - exceptions must derive from BaseException
2024-08-06 14:14:29,825 - INFO - 372380875963234 - ended delete_post function...
2024-08-06 14:15:18,991 - INFO - 372380875963234 - has started delete_post functon...
2024-08-06 14:15:20,679 - DEBUG - Starting new HTTPS connection (1): graph.facebook.com:443
2024-08-06 14:15:20,999 - DEBUG - https://graph.facebook.com:443 "DELETE /v20.0/372380875963234122096208470466849?access_token=EAAHWy8LCVD4BO5O591F80tCsgqWrTBx624lYfDuZCJyF45CYuns2MVYG53qXAbsmMm5AnVSTVzCYGQ3h5moOuxQs6bOBzgcDOxykrrOfAoVuM5hwjOqPvVP5yFpWDGB3MA3PluQjszUxGR5XWoe6GRUFVkAFKudj860hMRuTBMOacFV5s3JRYNnzD7fh9GYpIkTy0 HTTP/11" 400 311
2024-08-06 14:15:21,000 - ERROR - 372380875963234 - exceptions must derive from BaseException
2024-08-06 14:15:21,001 - INFO - 372380875963234 - ended delete_post function...
2024-08-06 14:17:20,104 - INFO - 372380875963234 - has started post_photo function...
2024-08-06 14:17:20,110 - DEBUG - Starting new HTTPS connection (1): graph.facebook.com:443
2024-08-06 14:17:25,002 - DEBUG - https://graph.facebook.com:443 "POST /v20.0/372380875963234/photos?access_token=EAAHWy8LCVD4BO5O591F80tCsgqWrTBx624lYfDuZCJyF45CYuns2MVYG53qXAbsmMm5AnVSTVzCYGQ3h5moOuxQs6bOBzgcDOxykrrOfAoVuM5hwjOqPvVP5yFpWDGB3MA3PluQjszUxGR5XWoe6GRUFVkAFKudj860hMRuTBMOacFV5s3JRYNnzD7fh9GYpIkTy0 HTTP/11" 200 74
2024-08-06 14:17:25,004 - DEBUG - 372380875963234 - {'id': '122096210474466849', 'post_id': '372380875963234_122096210510466849'}
2024-08-06 14:17:25,004 - INFO - 372380875963234 - ended post_photo function...
2024-08-06 14:17:44,580 - INFO - 372380875963234 - has started delete_post functon...
2024-08-06 14:17:46,788 - DEBUG - Starting new HTTPS connection (1): graph.facebook.com:443
2024-08-06 14:17:50,657 - DEBUG - https://graph.facebook.com:443 "DELETE /v20.0/372380875963234_122096210510466849?access_token=EAAHWy8LCVD4BO5O591F80tCsgqWrTBx624lYfDuZCJyF45CYuns2MVYG53qXAbsmMm5AnVSTVzCYGQ3h5moOuxQs6bOBzgcDOxykrrOfAoVuM5hwjOqPvVP5yFpWDGB3MA3PluQjszUxGR5XWoe6GRUFVkAFKudj860hMRuTBMOacFV5s3JRYNnzD7fh9GYpIkTy0 HTTP/11" 200 16
2024-08-06 14:17:50,659 - DEBUG - 372380875963234 - {'success': True}
2024-08-06 14:17:50,659 - INFO - 372380875963234 - ended delete_post function...
